modules/streak-widget/android/build/intermediates/manifest_merge_blame_file/release/processReleaseManifest/manifest-merger-blame-release-report.txt
1<?xml version="1.0" encoding="utf-8"?>
2<manifest xmlns:android="http://schemas.android.com/apk/res/android"
3    package="expo.modules.streakwidget" >
4
5    <uses-sdk android:minSdkVersion="24" />
6
7    <application>
7-->src/main/AndroidManifest.xml:2:3-14:17
8        <receiver
8-->src/main/AndroidManifest.xml:3:5-13:16
9            android:name="expo.modules.streakwidget.StreakWidgetProvider"
9-->src/main/AndroidManifest.xml:4:7-43
10            android:exported="true"
10-->src/main/AndroidManifest.xml:5:7-30
11            android:label="@string/streak_widget_label" >
11-->src/main/AndroidManifest.xml:6:7-50
12            <intent-filter>
12-->src/main/AndroidManifest.xml:7:7-9:23
13                <action android:name="android.appwidget.action.APPWIDGET_UPDATE" />
13-->src/main/AndroidManifest.xml:8:9-76
13-->src/main/AndroidManifest.xml:8:17-73
14            </intent-filter>
15
16            <meta-data
16-->src/main/AndroidManifest.xml:10:7-12:54
17                android:name="android.appwidget.provider"
17-->src/main/AndroidManifest.xml:11:9-50
18                android:resource="@xml/streak_widget_info" />
18-->src/main/AndroidManifest.xml:12:9-51
19        </receiver>
20    </application>
21
22</manifest>